This is XeTeX, Version 3.1415926-2.5-0.9999.3 (MiKTeX 2.9 64-bit) (preloaded format=xelatex 2014.2.18)  9 JUN 2014 18:45
entering extended mode
**C:/Users/Paul/Desktop/Macbeth/Macbeth.tex
(C:/Users/Paul/Desktop/Macbeth/Macbeth.tex
LaTeX2e <2011/06/27>
Babel <v3.8m> and hyphenation patterns for english, afrikaans, ancientgreek, ar
abic, armenian, assamese, basque, bengali, bokmal, bulgarian, catalan, coptic, 
croatian, czech, danish, dutch, esperanto, estonian, farsi, finnish, french, ga
lician, german, german-x-2013-05-26, greek, gujarati, hindi, hungarian, iceland
ic, indonesian, interlingua, irish, italian, kannada, kurmanji, latin, latvian,
 lithuanian, malayalam, marathi, mongolian, mongolianlmc, monogreek, ngerman, n
german-x-2013-05-26, nynorsk, oriya, panjabi, pinyin, polish, portuguese, roman
ian, russian, sanskrit, serbian, slovak, slovenian, spanish, swedish, swissgerm
an, tamil, telugu, turkish, turkmen, ukenglish, ukrainian, uppersorbian, usengl
ishmax, welsh, loaded.
(C:\Users\Paul\AppData\Roaming\MiKTeX\2.9\tex\latex\sides\sides.cls
plari_prime <2005/04/21:20050421-CTAN> - typesetting stageplay scripts
("C:\Program Files\MiKTeX 2.9\tex\latex\base\report.cls"
Document Class: report 2007/10/19 v1.4h Standard LaTeX document class
("C:\Program Files\MiKTeX 2.9\tex\latex\base\size12.clo"
File: size12.clo 2007/10/19 v1.4h Standard LaTeX file (size option)
Requested font "cmr12" at 12.0pt
)
\c@part=\count80
\c@chapter=\count81
\c@section=\count82
\c@subsection=\count83
\c@subsubsection=\count84
\c@paragraph=\count85
\c@subparagraph=\count86
\c@figure=\count87
\c@table=\count88
\abovecaptionskip=\skip41
\belowcaptionskip=\skip42
\bibindent=\dimen102
)
\c@act=\count89
\c@scene=\count90
)
("C:\Program Files\MiKTeX 2.9\tex\latex\fontspec\fontspec.sty"
Package: fontspec 2013/05/20 v2.3c Font selection for XeLaTeX and LuaLaTeX

(C:\Users\Paul\AppData\Roaming\MiKTeX\2.9\tex\latex\l3kernel\expl3.sty
(C:\Users\Paul\AppData\Roaming\MiKTeX\2.9\tex\latex\l3kernel\l3names.sty
(C:\Users\Paul\AppData\Roaming\MiKTeX\2.9\tex\latex\l3kernel\l3bootstrap.sty
Package: l3bootstrap 2014/01/04 v4640 L3 Experimental bootstrap code
)
Package: l3names 2014/01/04 v4640 L3 Namespace for primitives
)
("C:\Program Files\MiKTeX 2.9\tex\latex\misc\etex.sty"
Package: etex 1998/03/26 v2.0 eTeX basic definition package (PEB)
\et@xins=\count91
)
Package: expl3 2014/01/07 v4646 L3 Experimental code bundle wrapper

(C:\Users\Paul\AppData\Roaming\MiKTeX\2.9\tex\latex\l3kernel\l3basics.sty
Package: l3basics 2014/01/04 v4642 L3 Basic definitions
)
(C:\Users\Paul\AppData\Roaming\MiKTeX\2.9\tex\latex\l3kernel\l3expan.sty
Package: l3expan 2014/01/04 v4642 L3 Argument expansion
)
(C:\Users\Paul\AppData\Roaming\MiKTeX\2.9\tex\latex\l3kernel\l3tl.sty
Package: l3tl 2013/12/27 v4625 L3 Token lists
)
(C:\Users\Paul\AppData\Roaming\MiKTeX\2.9\tex\latex\l3kernel\l3seq.sty
Package: l3seq 2013/12/14 v4623 L3 Sequences and stacks
)
(C:\Users\Paul\AppData\Roaming\MiKTeX\2.9\tex\latex\l3kernel\l3int.sty
Package: l3int 2013/08/02 v4583 L3 Integers
\c_max_int=\count92
\l_tmpa_int=\count93
\l_tmpb_int=\count94
\g_tmpa_int=\count95
\g_tmpb_int=\count96
)
(C:\Users\Paul\AppData\Roaming\MiKTeX\2.9\tex\latex\l3kernel\l3quark.sty
Package: l3quark 2013/12/14 v4623 L3 Quarks
)
(C:\Users\Paul\AppData\Roaming\MiKTeX\2.9\tex\latex\l3kernel\l3prg.sty
Package: l3prg 2014/01/04 v4642 L3 Control structures
\g__prg_map_int=\count97
)
(C:\Users\Paul\AppData\Roaming\MiKTeX\2.9\tex\latex\l3kernel\l3clist.sty
Package: l3clist 2013/07/28 v4581 L3 Comma separated lists
)
(C:\Users\Paul\AppData\Roaming\MiKTeX\2.9\tex\latex\l3kernel\l3token.sty
Package: l3token 2013/08/25 v4587 L3 Experimental token manipulation
)
(C:\Users\Paul\AppData\Roaming\MiKTeX\2.9\tex\latex\l3kernel\l3prop.sty
Package: l3prop 2013/12/14 v4623 L3 Property lists
)
(C:\Users\Paul\AppData\Roaming\MiKTeX\2.9\tex\latex\l3kernel\l3msg.sty
Package: l3msg 2013/07/28 v4581 L3 Messages
)
(C:\Users\Paul\AppData\Roaming\MiKTeX\2.9\tex\latex\l3kernel\l3file.sty
Package: l3file 2013/10/13 v4596 L3 File and I/O operations
\l_iow_line_count_int=\count98
\l__iow_target_count_int=\count99
\l__iow_current_line_int=\count100
\l__iow_current_word_int=\count101
\l__iow_current_indentation_int=\count102
)
(C:\Users\Paul\AppData\Roaming\MiKTeX\2.9\tex\latex\l3kernel\l3skip.sty
Package: l3skip 2013/07/28 v4581 L3 Dimensions and skips
\c_zero_dim=\dimen103
\c_max_dim=\dimen104
\l_tmpa_dim=\dimen105
\l_tmpb_dim=\dimen106
\g_tmpa_dim=\dimen107
\g_tmpb_dim=\dimen108
\c_zero_skip=\skip43
\c_max_skip=\skip44
\l_tmpa_skip=\skip45
\l_tmpb_skip=\skip46
\g_tmpa_skip=\skip47
\g_tmpb_skip=\skip48
\c_zero_muskip=\muskip10
\c_max_muskip=\muskip11
\l_tmpa_muskip=\muskip12
\l_tmpb_muskip=\muskip13
\g_tmpa_muskip=\muskip14
\g_tmpb_muskip=\muskip15
)
(C:\Users\Paul\AppData\Roaming\MiKTeX\2.9\tex\latex\l3kernel\l3keys.sty
Package: l3keys 2013/12/08 v4614 L3 Experimental key-value interfaces
\g__keyval_level_int=\count103
\l_keys_choice_int=\count104
)
(C:\Users\Paul\AppData\Roaming\MiKTeX\2.9\tex\latex\l3kernel\l3fp.sty
Package: l3fp 2014/01/04 v4642 L3 Floating points
\c__fp_leading_shift_int=\count105
\c__fp_middle_shift_int=\count106
\c__fp_trailing_shift_int=\count107
\c__fp_big_leading_shift_int=\count108
\c__fp_big_middle_shift_int=\count109
\c__fp_big_trailing_shift_int=\count110
\c__fp_Bigg_leading_shift_int=\count111
\c__fp_Bigg_middle_shift_int=\count112
\c__fp_Bigg_trailing_shift_int=\count113
)
(C:\Users\Paul\AppData\Roaming\MiKTeX\2.9\tex\latex\l3kernel\l3box.sty
Package: l3box 2013/07/28 v4581 L3 Experimental boxes
\c_empty_box=\box26
\l_tmpa_box=\box27
\l_tmpb_box=\box28
\g_tmpa_box=\box29
\g_tmpb_box=\box30
)
(C:\Users\Paul\AppData\Roaming\MiKTeX\2.9\tex\latex\l3kernel\l3coffins.sty
Package: l3coffins 2013/12/14 v4624 L3 Coffin code layer
\l__coffin_internal_box=\box31
\l__coffin_internal_dim=\dimen109
\l__coffin_offset_x_dim=\dimen110
\l__coffin_offset_y_dim=\dimen111
\l__coffin_x_dim=\dimen112
\l__coffin_y_dim=\dimen113
\l__coffin_x_prime_dim=\dimen114
\l__coffin_y_prime_dim=\dimen115
\c_empty_coffin=\box32
\l__coffin_aligned_coffin=\box33
\l__coffin_aligned_internal_coffin=\box34
\l_tmpa_coffin=\box35
\l_tmpb_coffin=\box36
\l__coffin_display_coffin=\box37
\l__coffin_display_coord_coffin=\box38
\l__coffin_display_pole_coffin=\box39
\l__coffin_display_offset_dim=\dimen116
\l__coffin_display_x_dim=\dimen117
\l__coffin_display_y_dim=\dimen118
)
(C:\Users\Paul\AppData\Roaming\MiKTeX\2.9\tex\latex\l3kernel\l3color.sty
Package: l3color 2012/08/29 v4156 L3 Experimental color support
)
(C:\Users\Paul\AppData\Roaming\MiKTeX\2.9\tex\latex\l3kernel\l3luatex.sty
Package: l3luatex 2013/07/28 v4581 L3 Experimental LuaTeX-specific functions
\g__cctab_allocate_int=\count114
\g__cctab_stack_int=\count115
)
(C:\Users\Paul\AppData\Roaming\MiKTeX\2.9\tex\latex\l3kernel\l3candidates.sty
Package: l3candidates 2014/01/06 v4643 L3 Experimental additions to l3kernel
\l__box_top_dim=\dimen119
\l__box_bottom_dim=\dimen120
\l__box_left_dim=\dimen121
\l__box_right_dim=\dimen122
\l__box_top_new_dim=\dimen123
\l__box_bottom_new_dim=\dimen124
\l__box_left_new_dim=\dimen125
\l__box_right_new_dim=\dimen126
\l__box_internal_box=\box40
\l__coffin_bounding_shift_dim=\dimen127
\l__coffin_left_corner_dim=\dimen128
\l__coffin_right_corner_dim=\dimen129
\l__coffin_bottom_corner_dim=\dimen130
\l__coffin_top_corner_dim=\dimen131
\l__coffin_scaled_total_height_dim=\dimen132
\l__coffin_scaled_width_dim=\dimen133
)
("C:\Program Files\MiKTeX 2.9\tex\generic\oberdiek\ifpdf.sty"
Package: ifpdf 2011/01/30 v2.3 Provides the ifpdf switch (HO)
Package ifpdf Info: pdfTeX in PDF mode is not detected.
))
(C:\Users\Paul\AppData\Roaming\MiKTeX\2.9\tex\latex\l3packages\xparse\xparse.st
y
Package: xparse 2013/12/31 v4634 L3 Experimental document command parser
\l__xparse_current_arg_int=\count116
\l__xparse_m_args_int=\count117
\l__xparse_mandatory_args_int=\count118
\l__xparse_processor_int=\count119
\l__xparse_v_nesting_int=\count120
)
\l_fontspec_script_int=\count121
\l_fontspec_language_int=\count122
\l_fontspec_strnum_int=\count123
\l_fontspec_tmpa_dim=\dimen134
\l_fontspec_tmpb_dim=\dimen135
\l_fontspec_tmpc_dim=\dimen136
Variant \tl_gset:cV already defined; not changing it on line 69
 ("C:\Program Files\MiKTeX 2.9\tex\latex\fontspec\fontspec-patches.sty"
Package: fontspec-patches 2013/05/20 v2.3c Font selection for XeLaTeX and LuaLa
TeX

("C:\Program Files\MiKTeX 2.9\tex\latex\base\fixltx2e.sty"
Package: fixltx2e 2006/09/13 v1.1m fixes to LaTeX
LaTeX Info: Redefining \em on input line 420.
)
LaTeX Info: Redefining \em on input line 22.
LaTeX Info: Redefining \emph on input line 30.
LaTeX Info: Redefining \- on input line 33.

*************************************************
* LaTeX warning: "xparse/redefine-command"
* 
* Redefining document command \oldstylenums with arg. spec. 'm' on line 128.
*************************************************
.................................................
. LaTeX info: "xparse/define-command"
. 
. Defining document command \liningnums with arg. spec. 'm' on line 132.
.................................................
) ("C:\Program Files\MiKTeX 2.9\tex\latex\fontspec\fontspec-xetex.sty"
Package: fontspec-xetex 2013/05/20 v2.3c Font selection for XeLaTeX and LuaLaTe
X

("C:\Program Files\MiKTeX 2.9\tex\latex\base\fontenc.sty"
Package: fontenc 2005/09/27 v1.99g Standard LaTeX package

("C:\Program Files\MiKTeX 2.9\tex\latex\euenc\eu1enc.def"
File: eu1enc.def 2010/05/27 v0.1h Experimental Unicode font encodings
)
LaTeX Font Info:    Try loading font information for EU1+lmr on input line 100.


("C:\Program Files\MiKTeX 2.9\tex\latex\euenc\eu1lmr.fd"
File: eu1lmr.fd 2009/10/30 v1.6 Font defs for Latin Modern
)
Requested font "[lmroman10-regular]:mapping=tex-text" at 10.0pt
 -> C:/Program Files/MiKTeX 2.9/fonts/opentype/public/lm/lmroman10-regular.otf
)
("C:\Program Files\MiKTeX 2.9\tex\xelatex\xunicode\xunicode.sty"
File: xunicode.sty 2011/09/09 v0.981 provides access to latin accents and many 
other characters in Unicode lower plane

(C:\Users\Paul\AppData\Roaming\MiKTeX\2.9\tex\latex\tipa\t3enc.def
File: t3enc.def 2001/12/31 T3 encoding
Requested font "[lmromanslant10-regular]:mapping=tex-text" at 10.0pt
 -> C:/Program Files/MiKTeX 2.9/fonts/opentype/public/lm/lmromanslant10-regular
.otf
Requested font "[lmroman10-italic]:mapping=tex-text" at 10.0pt
 -> C:/Program Files/MiKTeX 2.9/fonts/opentype/public/lm/lmroman10-italic.otf
Requested font "[lmroman10-bold]:mapping=tex-text" at 10.0pt
 -> C:/Program Files/MiKTeX 2.9/fonts/opentype/public/lm/lmroman10-bold.otf
LaTeX Font Info:    Try loading font information for EU1+lmss on input line 357
.

("C:\Program Files\MiKTeX 2.9\tex\latex\euenc\eu1lmss.fd"
File: eu1lmss.fd 2009/10/30 v1.6 Font defs for Latin Modern
)
Requested font "[lmsans10-regular]:mapping=tex-text" at 10.0pt
 -> C:/Program Files/MiKTeX 2.9/fonts/opentype/public/lm/lmsans10-regular.otf
)
\tipaTiiicode=\count124
\tipasavetokens=\toks14
\tipachecktokens=\toks15

("C:\Program Files\MiKTeX 2.9\tex\latex\graphics\graphicx.sty"
Package: graphicx 1999/02/16 v1.0f Enhanced LaTeX Graphics (DPC,SPQR)

("C:\Program Files\MiKTeX 2.9\tex\latex\graphics\keyval.sty"
Package: keyval 1999/03/16 v1.13 key=value parser (DPC)
\KV@toks@=\toks16
)
("C:\Program Files\MiKTeX 2.9\tex\latex\graphics\graphics.sty"
Package: graphics 2009/02/05 v1.0o Standard LaTeX Graphics (DPC,SPQR)

("C:\Program Files\MiKTeX 2.9\tex\latex\graphics\trig.sty"
Package: trig 1999/03/16 v1.09 sin cos tan (DPC)
)
("C:\Program Files\MiKTeX 2.9\tex\latex\00miktex\graphics.cfg"
File: graphics.cfg 2007/01/18 v1.5 graphics configuration of teTeX/TeXLive
)
Package graphics Info: Driver file: xetex.def on input line 91.

(C:\Users\Paul\AppData\Roaming\MiKTeX\2.9\tex\xelatex\xetex-def\xetex.def
File: xetex.def 2013/04/29 v0.96 LaTeX color/graphics driver for XeTeX (RRM/JK)

))
\Gin@req@height=\dimen137
\Gin@req@width=\dimen138
))
.................................................
. LaTeX info: "xparse/define-command"
. 
. Defining document command \fontspec with arg. spec. 'O{}m' on line 41.
.................................................
.................................................
. LaTeX info: "xparse/define-command"
. 
. Defining document command \setmainfont with arg. spec. 'O{}m' on line 46.
.................................................
.................................................
. LaTeX info: "xparse/define-command"
. 
. Defining document command \setsansfont with arg. spec. 'O{}m' on line 51.
.................................................
.................................................
. LaTeX info: "xparse/define-command"
. 
. Defining document command \setmonofont with arg. spec. 'O{}m' on line 56.
.................................................
.................................................
. LaTeX info: "xparse/define-command"
. 
. Defining document command \setmathrm with arg. spec. 'O{}m' on line 65.
.................................................
.................................................
. LaTeX info: "xparse/define-command"
. 
. Defining document command \setboldmathrm with arg. spec. 'O{}m' on line 69.
.................................................
.................................................
. LaTeX info: "xparse/define-command"
. 
. Defining document command \setmathsf with arg. spec. 'O{}m' on line 73.
.................................................
.................................................
. LaTeX info: "xparse/define-command"
. 
. Defining document command \setmathtt with arg. spec. 'O{}m' on line 77.
.................................................
.................................................
. LaTeX info: "xparse/define-command"
. 
. Defining document command \newfontfamily with arg. spec. 'mO{}m' on line 96.
.................................................
.................................................
. LaTeX info: "xparse/define-command"
. 
. Defining document command \newfontface with arg. spec. 'mO{}m' on line 100.
.................................................
.................................................
. LaTeX info: "xparse/define-command"
. 
. Defining document command \defaultfontfeatures with arg. spec. 'om' on line
. 108.
.................................................
.................................................
. LaTeX info: "xparse/define-command"
. 
. Defining document command \addfontfeatures with arg. spec. 'm' on line 144.
.................................................
.................................................
. LaTeX info: "xparse/define-command"
. 
. Defining document command \newfontfeature with arg. spec. 'mm' on line 156.
.................................................
.................................................
. LaTeX info: "xparse/define-command"
. 
. Defining document command \newAATfeature with arg. spec. 'mmmm' on line 164.
.................................................
.................................................
. LaTeX info: "xparse/define-command"
. 
. Defining document command \newICUfeature with arg. spec. 'mmm' on line 172.
.................................................
.................................................
. LaTeX info: "xparse/define-command"
. 
. Defining document command \aliasfontfeature with arg. spec. 'mm' on line
. 201.
.................................................
.................................................
. LaTeX info: "xparse/define-command"
. 
. Defining document command \aliasfontfeatureoption with arg. spec. 'mmm' on
. line 203.
.................................................
.................................................
. LaTeX info: "xparse/define-command"
. 
. Defining document command \newfontscript with arg. spec. 'mm' on line 208.
.................................................
.................................................
. LaTeX info: "xparse/define-command"
. 
. Defining document command \newfontlanguage with arg. spec. 'mm' on line 235.
.................................................
.................................................
. LaTeX info: "xparse/define-command"
. 
. Defining document command \DeclareFontsExtensions with arg. spec. 'm' on
. line 256.
.................................................
Variant \prop_gput:cnV already defined; not changing it on line 582
Variant \prop_gput:cnx already defined; not changing it on line 583
\l_fontspec_tmp_int=\count125
LaTeX Info: Redefining \itshape on input line 2087.
LaTeX Info: Redefining \slshape on input line 2092.
LaTeX Info: Redefining \scshape on input line 2097.
LaTeX Info: Redefining \upshape on input line 2102.

("C:\Program Files\MiKTeX 2.9\tex\latex\fontspec\fontspec.cfg")))
("C:\Program Files\MiKTeX 2.9\tex\latex\tools\multicol.sty"
Package: multicol 2011/06/27 v1.7a multicolumn formatting (FMi)
\c@tracingmulticols=\count126
\mult@box=\box41
\multicol@leftmargin=\dimen139
\c@unbalance=\count127
\c@collectmore=\count128
\doublecol@number=\count129
\multicoltolerance=\count130
\multicolpretolerance=\count131
\full@width=\dimen140
\page@free=\dimen141
\premulticols=\dimen142
\postmulticols=\dimen143
\multicolsep=\skip49
\multicolbaselineskip=\skip50
\partial@page=\box42
\last@line=\box43
\mult@rightbox=\box44
\mult@grightbox=\box45
\mult@gfirstbox=\box46
\mult@firstbox=\box47
\@tempa=\box48
\@tempa=\box49
\@tempa=\box50
\@tempa=\box51
\@tempa=\box52
\@tempa=\box53
\@tempa=\box54
\@tempa=\box55
\@tempa=\box56
\@tempa=\box57
\@tempa=\box58
\@tempa=\box59
\@tempa=\box60
\@tempa=\box61
\@tempa=\box62
\@tempa=\box63
\@tempa=\box64
\c@columnbadness=\count132
\c@finalcolumnbadness=\count133
\last@try=\dimen144
\multicolovershoot=\dimen145
\multicolundershoot=\dimen146
\mult@nat@firstbox=\box65
\colbreak@box=\box66
\multicol@sort@counter=\count134
)
("C:\Program Files\MiKTeX 2.9\tex\latex\tools\xspace.sty"
Package: xspace 2009/10/20 v1.13 Space after command names (DPC,MH)
)
("C:\Program Files\MiKTeX 2.9\tex\latex\geometry\geometry.sty"
Package: geometry 2010/09/12 v5.6 Page Geometry

("C:\Program Files\MiKTeX 2.9\tex\generic\oberdiek\ifvtex.sty"
Package: ifvtex 2010/03/01 v1.5 Detect VTeX and its facilities (HO)
Package ifvtex Info: VTeX not detected.
)
("C:\Program Files\MiKTeX 2.9\tex\generic\ifxetex\ifxetex.sty"
Package: ifxetex 2010/09/12 v0.6 Provides ifxetex conditional
)
\Gm@cnth=\count135
\Gm@cntv=\count136
\c@Gm@tempcnt=\count137
\Gm@bindingoffset=\dimen147
\Gm@wd@mp=\dimen148
\Gm@odd@mp=\dimen149
\Gm@even@mp=\dimen150
\Gm@layoutwidth=\dimen151
\Gm@layoutheight=\dimen152
\Gm@layouthoffset=\dimen153
\Gm@layoutvoffset=\dimen154
\Gm@dimlist=\toks17

("C:\Program Files\MiKTeX 2.9\tex\xelatex\xetexconfig\geometry.cfg"))
(C:\Users\Paul\AppData\Roaming\MiKTeX\2.9\tex\latex\everypage\everypage.sty
Package: everypage 2007/06/20 1.1 Hooks to run on every page
)
\g__file_internal_ior=\read1
Requested font "Junicode" at 10.0pt
 -> é
Requested font "Junicode/ICU" at 10.0pt
 -> é
\g_fontspec_family_Junicode_int=\count138
Requested font "Junicode/ICU" at 10.0pt
 -> é
Requested font "Junicode/ICU" at 10.0pt
 -> é
Requested font "Junicode/B/ICU" at 10.0pt
 -> é
Requested font "Junicode/B/ICU" at 10.0pt
 -> ð

*************************************************
* fontspec warning: "icu-feature-not-exist-in-font"
* 
* OpenType feature 'Ligatures=Discretionary' (+dlig) not available for font
* 'Junicode/B' with script 'Latin' and language 'Default'.
*************************************************
*************************************************
* fontspec warning: "icu-feature-not-exist-in-font"
* 
* OpenType feature 'Ligatures=Discretionary' (+dlig) not available for font
* 'Junicode/B' with script 'Latin' and language 'Default'.
*************************************************
Requested font "Junicode/ICU" at 10.0pt
 -> ÷
Requested font "Junicode/I/ICU" at 10.0pt
 -> ÷
Requested font "Junicode/I/ICU" at 10.0pt
 -> ÿÿ/Users/Paul/AppData/Roaming/MiKTeX/2.9/fonts/truetype/public/junicode/Jun
icode-Italic.ttf
Requested font "Junicode/ICU" at 10.0pt
 -> C:/Users/Paul/AppData/Roaming/MiKTeX/2.9/fonts/truetype/public/junicode/Jun
icode.ttf
Requested font "Junicode/BI/ICU" at 10.0pt
 -> ^^B^^A/Windows/Fonts/Junicode-BoldItalic.ttf
Requested font "Junicode/BI/ICU" at 10.0pt
 -> ^^R^^A/Windows/Fonts/Junicode-BoldItalic.ttf
*************************************************
* fontspec warning: "icu-feature-not-exist-in-font"
* 
* OpenType feature 'Ligatures=Discretionary' (+dlig) not available for font
* 'Junicode/BI' with script 'Latin' and language 'Default'.
*************************************************
*************************************************
* fontspec warning: "icu-feature-not-exist-in-font"
* 
* OpenType feature 'Variant=18' (+ss18) not available for font 'Junicode/BI'
* with script 'Latin' and language 'Default'.
*************************************************
.................................................
. fontspec info: "defining-font"
. 
. Font family 'Junicode(0)' created for font 'Junicode' with options
. [Numbers=OldStyle,Ligatures=Discretionary,Style=Historic,StylisticSet=18].
. 
. This font family consists of the following shapes:
. 
. * 'normal' with NFSS spec.:
. <->"Junicode/ICU:script=latn;language=DFLT;+onum;+dlig;+hist;+ss18;"
. 
. * 'small caps' with NFSS spec.:
. <->"Junicode/ICU:script=latn;language=DFLT;+onum;+dlig;+hist;+ss18;+smcp;"
. 
. * 'bold' with NFSS spec.:
. <->"Junicode/B/ICU:script=latn;language=DFLT;+onum;+hist;+ss18;"
. 
. * 'bold small caps' with NFSS spec.:
. <->"Junicode/B/ICU:script=latn;language=DFLT;+onum;+hist;+ss18;+smcp;"
. 
. * 'italic' with NFSS spec.:
. <->"Junicode/I/ICU:script=latn;language=DFLT;+onum;+dlig;+hist;+ss18;"
. 
. * 'bold italic' with NFSS spec.:
. <->"Junicode/BI/ICU:script=latn;language=DFLT;+onum;+hist;"
.................................................
Requested font "Junicode/ICU:script=latn;language=DFLT;+onum;+dlig;+hist;+ss18;
" at 10.0pt
 -> C:/Users/Paul/AppData/Roaming/MiKTeX/2.9/fonts/truetype/public/junicode/Jun
icode.ttf
(C:\Users\Paul\Desktop\Macbeth\Macbeth.aux)
LaTeX Font Info:    Checking defaults for OML/cmm/m/it on input line 29.
LaTeX Font Info:    ... okay on input line 29.
LaTeX Font Info:    Checking defaults for T1/cmr/m/n on input line 29.
LaTeX Font Info:    ... okay on input line 29.
LaTeX Font Info:    Checking defaults for OT1/cmr/m/n on input line 29.
LaTeX Font Info:    ... okay on input line 29.
LaTeX Font Info:    Checking defaults for OMS/cmsy/m/n on input line 29.
LaTeX Font Info:    ... okay on input line 29.
LaTeX Font Info:    Checking defaults for OMX/cmex/m/n on input line 29.
LaTeX Font Info:    ... okay on input line 29.
LaTeX Font Info:    Checking defaults for U/cmr/m/n on input line 29.
LaTeX Font Info:    ... okay on input line 29.
LaTeX Font Info:    Checking defaults for EU1/lmr/m/n on input line 29.
LaTeX Font Info:    ... okay on input line 29.
LaTeX Font Info:    Checking defaults for T3/cmr/m/n on input line 29.
LaTeX Font Info:    Try loading font information for T3+cmr on input line 29.

(C:\Users\Paul\AppData\Roaming\MiKTeX\2.9\tex\latex\tipa\t3cmr.fd
File: t3cmr.fd 2001/12/31 TIPA font definitions
)
LaTeX Font Info:    ... okay on input line 29.
Requested font "Junicode/ICU:script=latn;language=DFLT;+onum;+dlig;+hist;+ss18;
" at 12.0pt
 -> ^^W
.................................................
. fontspec info: "setup-math"
. 
. Adjusting the maths setup (use [no-math] to avoid this).
.................................................
\symlegacymaths=\mathgroup4
LaTeX Font Info:    Overwriting symbol font `legacymaths' in version `bold'
(Font)                  OT1/cmr/m/n --> OT1/cmr/bx/n on input line 29.
LaTeX Font Info:    Redeclaring math accent \acute on input line 29.
LaTeX Font Info:    Redeclaring math accent \grave on input line 29.
LaTeX Font Info:    Redeclaring math accent \ddot on input line 29.
LaTeX Font Info:    Redeclaring math accent \tilde on input line 29.
LaTeX Font Info:    Redeclaring math accent \bar on input line 29.
LaTeX Font Info:    Redeclaring math accent \breve on input line 29.
LaTeX Font Info:    Redeclaring math accent \check on input line 29.
LaTeX Font Info:    Redeclaring math accent \hat on input line 29.
LaTeX Font Info:    Redeclaring math accent \dot on input line 29.
LaTeX Font Info:    Redeclaring math accent \mathring on input line 29.
LaTeX Font Info:    Redeclaring math symbol \colon on input line 29.
LaTeX Font Info:    Redeclaring math symbol \Gamma on input line 29.
LaTeX Font Info:    Redeclaring math symbol \Delta on input line 29.
LaTeX Font Info:    Redeclaring math symbol \Theta on input line 29.
LaTeX Font Info:    Redeclaring math symbol \Lambda on input line 29.
LaTeX Font Info:    Redeclaring math symbol \Xi on input line 29.
LaTeX Font Info:    Redeclaring math symbol \Pi on input line 29.
LaTeX Font Info:    Redeclaring math symbol \Sigma on input line 29.
LaTeX Font Info:    Redeclaring math symbol \Upsilon on input line 29.
LaTeX Font Info:    Redeclaring math symbol \Phi on input line 29.
LaTeX Font Info:    Redeclaring math symbol \Psi on input line 29.
LaTeX Font Info:    Redeclaring math symbol \Omega on input line 29.
LaTeX Font Info:    Redeclaring math symbol \mathdollar on input line 29.
LaTeX Font Info:    Redeclaring symbol font `operators' on input line 29.
LaTeX Font Info:    Encoding `OT1' has changed to `EU1' for symbol font
(Font)              `operators' in the math version `normal' on input line 29.
LaTeX Font Info:    Overwriting symbol font `operators' in version `normal'
(Font)                  OT1/cmr/m/n --> EU1/Junicode(0)/m/n on input line 29.
LaTeX Font Info:    Encoding `OT1' has changed to `EU1' for symbol font
(Font)              `operators' in the math version `bold' on input line 29.
LaTeX Font Info:    Overwriting symbol font `operators' in version `bold'
(Font)                  OT1/cmr/bx/n --> EU1/Junicode(0)/m/n on input line 29.
LaTeX Font Info:    Overwriting symbol font `operators' in version `normal'
(Font)                  EU1/Junicode(0)/m/n --> EU1/Junicode(0)/m/n on input li
ne 29.
LaTeX Font Info:    Overwriting math alphabet `\mathrm' in version `normal'
(Font)                  EU1/Junicode(0)/m/n --> EU1/Junicode(0)/m/n on input li
ne 29.
LaTeX Font Info:    Overwriting math alphabet `\mathit' in version `normal'
(Font)                  OT1/cmr/m/it --> EU1/Junicode(0)/m/it on input line 29.

LaTeX Font Info:    Overwriting math alphabet `\mathbf' in version `normal'
(Font)                  OT1/cmr/bx/n --> EU1/Junicode(0)/bx/n on input line 29.

LaTeX Font Info:    Overwriting math alphabet `\mathsf' in version `normal'
(Font)                  OT1/cmss/m/n --> EU1/lmss/m/n on input line 29.
LaTeX Font Info:    Overwriting math alphabet `\mathtt' in version `normal'
(Font)                  OT1/cmtt/m/n --> EU1/lmtt/m/n on input line 29.
LaTeX Font Info:    Overwriting symbol font `operators' in version `bold'
(Font)                  EU1/Junicode(0)/m/n --> EU1/Junicode(0)/bx/n on input l
ine 29.
LaTeX Font Info:    Overwriting math alphabet `\mathrm' in version `bold'
(Font)                  EU1/Junicode(0)/m/n --> EU1/Junicode(0)/bx/n on input l
ine 29.
LaTeX Font Info:    Overwriting math alphabet `\mathit' in version `bold'
(Font)                  OT1/cmr/bx/it --> EU1/Junicode(0)/bx/it on input line 2
9.
LaTeX Font Info:    Overwriting math alphabet `\mathsf' in version `bold'
(Font)                  OT1/cmss/bx/n --> EU1/lmss/bx/n on input line 29.
LaTeX Font Info:    Overwriting math alphabet `\mathtt' in version `bold'
(Font)                  OT1/cmtt/m/n --> EU1/lmtt/bx/n on input line 29.

*geometry* detected driver: pdftex
*geometry* verbose mode - [ preamble ] result:
* driver: pdftex
* paper: <default>
* layout: <same size as paper>
* layoutoffset:(h,v)=(0.0pt,0.0pt)
* modes: 
* h-part:(L,W,R)=(20.0pt, 574.295pt, 20.0pt)
* v-part:(T,H,B)=(20.0pt, 754.96999pt, 20.0pt)
* \paperwidth=614.295pt
* \paperheight=794.96999pt
* \textwidth=574.295pt
* \textheight=754.96999pt
* \oddsidemargin=-52.26999pt
* \evensidemargin=-52.26999pt
* \topmargin=-89.26999pt
* \headheight=12.0pt
* \headsep=25.0pt
* \topskip=12.0pt
* \footskip=30.0pt
* \marginparwidth=44.0pt
* \marginparsep=10.0pt
* \columnsep=10.0pt
* \skip\footins=10.8pt plus 4.0pt minus 2.0pt
* \hoffset=0.0pt
* \voffset=0.0pt
* \mag=1000
* \@twocolumnfalse
* \@twosidefalse
* \@mparswitchfalse
* \@reversemarginfalse
* (1in=72.27pt=25.4mm, 1cm=28.453pt)

Requested font "Junicode/ICU:script=latn;language=DFLT;+onum;+dlig;+hist;+ss18;
" at 20.74pt
 -> ^^W
Requested font "Junicode/ICU:script=latn;language=DFLT;+onum;+dlig;+hist;+ss18;
" at 14.4pt
 -> ^^W
Requested font "Junicode/ICU:script=latn;language=DFLT;+onum;+dlig;+hist;+ss18;
" at 7.0pt
 -> ^^W
Requested font "cmmi12" at 14.4pt
Requested font "cmsy10" at 14.4pt
LaTeX Font Info:    External font `cmex10' loaded for size
(Font)              <14.4> on input line 33.
LaTeX Font Info:    External font `cmex10' loaded for size
(Font)              <7> on input line 33.
Requested font "cmr12" at 14.4pt
Requested font "Junicode" at 14.4pt
 -> 3
Requested font "Junicode/ICU" at 14.4pt
 -> 3
Requested font "Junicode/ICU" at 14.4pt
 -> 3
Requested font "Junicode/ICU" at 14.4pt
 -> 3
Requested font "Junicode/B/ICU" at 14.4pt
 -> 3
Requested font "Junicode/B/ICU" at 14.4pt
 -> :
Requested font "Junicode/ICU" at 14.4pt
 -> A
Requested font "Junicode/I/ICU" at 14.4pt
 -> A
Requested font "Junicode/I/ICU" at 14.4pt
 -> H
Requested font "Junicode/ICU" at 14.4pt
 -> O
Requested font "Junicode/BI/ICU" at 14.4pt
 -> z^^B/Windows/Fonts/Junicode-BoldItalic.ttf
Requested font "Junicode/BI/ICU" at 14.4pt
 -> ^^8a^^B/Windows/Fonts/Junicode-BoldItalic.ttf
.................................................
. fontspec info: "defining-font"
. 
. Font family 'Junicode(1)' created for font 'Junicode' with options [Style=].
. 
. This font family consists of the following shapes:
. 
. * 'normal' with NFSS spec.:
. <->"Junicode/ICU:script=latn;language=DFLT;"
. 
. * 'small caps' with NFSS spec.:
. <->"Junicode/ICU:script=latn;language=DFLT;+smcp;"
. 
. * 'bold' with NFSS spec.:
. <->"Junicode/B/ICU:script=latn;language=DFLT;"
. 
. * 'bold small caps' with NFSS spec.:
. <->"Junicode/B/ICU:script=latn;language=DFLT;+smcp;"
. 
. * 'italic' with NFSS spec.:
. <->"Junicode/I/ICU:script=latn;language=DFLT;"
. 
. * 'bold italic' with NFSS spec.:
. <->"Junicode/BI/ICU:script=latn;language=DFLT;"
.................................................
Requested font "Junicode/ICU:script=latn;language=DFLT;" at 14.4pt
 -> O
[1

]
Requested font "Junicode/ICU:script=latn;language=DFLT;+onum;+dlig;+hist;+ss18;
" at 17.28pt
 -> H
Requested font "Junicode" at 17.28pt
 -> £
Requested font "Junicode/ICU" at 17.28pt
 -> £
.................................................
. fontspec info: "defining-font"
. 
. Font family 'Junicode(1)' created for font 'Junicode' with options [Style=].
. 
. This font family consists of the following shapes:
.................................................
Requested font "Junicode/ICU:script=latn;language=DFLT;" at 17.28pt
 -> £
Requested font "Junicode/ICU:script=latn;language=DFLT;+onum;+dlig;+hist;+ss18;
+smcp;" at 12.0pt
 -> ª
 [1]
Requested font "Junicode/B/ICU:script=latn;language=DFLT;+onum;+hist;+ss18;" at
 12.0pt
 -> ±
Requested font "Junicode/B/ICU:script=latn;language=DFLT;+onum;+hist;+ss18;" at
 24.88pt
 -> ª
Requested font "Junicode" at 24.88pt
 -> £
Requested font "Junicode/ICU" at 24.88pt
 -> £
.................................................
. fontspec info: "defining-font"
. 
. Font family 'Junicode(1)' created for font 'Junicode' with options [Style=].
. 
. This font family consists of the following shapes:
.................................................
Requested font "Junicode/B/ICU:script=latn;language=DFLT;" at 24.88pt
 -> £
Requested font "Junicode/ICU" at 24.88pt
 -> Æ
.................................................
. fontspec info: "defining-font"
. 
. Font family 'Junicode(1)' created for font 'Junicode' with options [Style=].
. 
. This font family consists of the following shapes:
.................................................
Requested font "Junicode/I/ICU:script=latn;language=DFLT;+onum;+dlig;+hist;+ss1
8;" at 12.0pt
 -> Í
Requested font "Junicode" at 12.0pt
 -> Û
Requested font "Junicode/ICU" at 12.0pt
 -> Û
.................................................
. fontspec info: "defining-font"
. 
. Font family 'Junicode(1)' created for font 'Junicode' with options [Style=].
. 
. This font family consists of the following shapes:
.................................................
Requested font "Junicode/I/ICU:script=latn;language=DFLT;" at 12.0pt
 -> Û
Requested font "Junicode/ICU" at 12.0pt
 -> é
Requested font "Junicode/ICU" at 12.0pt
 -> é
Requested font "Junicode/ICU" at 12.0pt
 -> é
Requested font "Junicode/B/ICU" at 12.0pt
 -> é
Requested font "Junicode/B/ICU" at 12.0pt
 -> ð

*************************************************
* fontspec warning: "icu-feature-not-exist-in-font"
* 
* OpenType feature 'Ligatures=Discretionary' (+dlig) not available for font
* 'Junicode/B' with script 'Latin' and language 'Default'.
*************************************************
*************************************************
* fontspec warning: "icu-feature-not-exist-in-font"
* 
* OpenType feature 'Ligatures=Discretionary' (+dlig) not available for font
* 'Junicode/B' with script 'Latin' and language 'Default'.
*************************************************
Requested font "Junicode/ICU" at 12.0pt
 -> ÷
Requested font "Junicode/I/ICU" at 12.0pt
 -> ÷
Requested font "Junicode/I/ICU" at 12.0pt
 -> ÿÿ/Users/Paul/AppData/Roaming/MiKTeX/2.9/fonts/truetype/public/junicode/Jun
icode-Italic.ttf
Requested font "Junicode/ICU" at 12.0pt
 -> é
Requested font "Junicode/BI/ICU" at 12.0pt
 -> ê^^F/Windows/Fonts/Junicode-BoldItalic.ttf
Requested font "Junicode/BI/ICU" at 12.0pt
 -> ú^^F/Windows/Fonts/Junicode-BoldItalic.ttf
*************************************************
* fontspec warning: "icu-feature-not-exist-in-font"
* 
* OpenType feature 'Ligatures=Discretionary' (+dlig) not available for font
* 'Junicode/BI' with script 'Latin' and language 'Default'.
*************************************************
*************************************************
* fontspec warning: "icu-feature-not-exist-in-font"
* 
* OpenType feature 'Variant=18' (+ss18) not available for font 'Junicode/BI'
* with script 'Latin' and language 'Default'.
*************************************************
.................................................
. fontspec info: "defining-font"
. 
. Font family 'Junicode(2)' created for font 'Junicode' with options
. [Numbers=OldStyle,Ligatures=Discretionary,Style=Historic,StylisticSet=18,Numb
ers=OldStyle].
. 
. This font family consists of the following shapes:
. 
. * 'normal' with NFSS spec.:
. <->"Junicode/ICU:script=latn;language=DFLT;+onum;+dlig;+hist;+ss18;+onum;"
. 
. * 'small caps' with NFSS spec.:
. 
. <->"Junicode/ICU:script=latn;language=DFLT;+onum;+dlig;+hist;+ss18;+onum;+smc
p;"
. 
. * 'bold' with NFSS spec.:
. <->"Junicode/B/ICU:script=latn;language=DFLT;+onum;+hist;+ss18;+onum;"
. 
. * 'bold small caps' with NFSS spec.:
. 
. <->"Junicode/B/ICU:script=latn;language=DFLT;+onum;+hist;+ss18;+onum;+smcp;"
. 
. * 'italic' with NFSS spec.:
. 
. <->"Junicode/I/ICU:script=latn;language=DFLT;+onum;+dlig;+hist;+ss18;+onum;"
. 
. * 'bold italic' with NFSS spec.:
. <->"Junicode/BI/ICU:script=latn;language=DFLT;+onum;+hist;+onum;"
.................................................
Requested font "Junicode/I/ICU:script=latn;language=DFLT;+onum;+dlig;+hist;+ss1
8;+onum;" at 12.0pt
 -> é
Requested font "Junicode/ICU" at 12.0pt
 -> Û
.................................................
. fontspec info: "defining-font"
. 
. Font family 'Junicode(2)' created for font 'Junicode' with options
. [Numbers=OldStyle,Ligatures=Discretionary,Style=Historic,StylisticSet=18,Numb
ers=OldStyle].
. 
. This font family consists of the following shapes:
.................................................
Requested font "Junicode/ICU" at 12.0pt
 -> Û
.................................................
. fontspec info: "defining-font"
. 
. Font family 'Junicode(1)' created for font 'Junicode' with options [Style=].
. 
. This font family consists of the following shapes:
.................................................
Requested font "Junicode/ICU:script=latn;language=DFLT;" at 12.0pt
 -> Û
Requested font "Junicode/ICU" at 12.0pt
 -> Û
.................................................
. fontspec info: "defining-font"
. 
. Font family 'Junicode(1)' created for font 'Junicode' with options [Style=].
. 
. This font family consists of the following shapes:
.................................................
Requested font "Junicode/ICU" at 12.0pt
 -> Û
.................................................
. fontspec info: "defining-font"
. 
. Font family 'Junicode(2)' created for font 'Junicode' with options
. [Numbers=OldStyle,Ligatures=Discretionary,Style=Historic,StylisticSet=18,Numb
ers=OldStyle].
. 
. This font family consists of the following shapes:
.................................................
Requested font "Junicode/ICU" at 12.0pt
 -> Û
.................................................
. fontspec info: "defining-font"
. 
. Font family 'Junicode(2)' created for font 'Junicode' with options
. [Numbers=OldStyle,Ligatures=Discretionary,Style=Historic,StylisticSet=18,Numb
ers=OldStyle].
. 
. This font family consists of the following shapes:
.................................................
Requested font "Junicode/ICU" at 12.0pt
 -> Û
.................................................
. fontspec info: "defining-font"
. 
. Font family 'Junicode(2)' created for font 'Junicode' with options
. [Numbers=OldStyle,Ligatures=Discretionary,Style=Historic,StylisticSet=18,Numb
ers=OldStyle].
. 
. This font family consists of the following shapes:
.................................................
Requested font "Junicode/ICU" at 12.0pt
 -> Û
.................................................
. fontspec info: "defining-font"
. 
. Font family 'Junicode(2)' created for font 'Junicode' with options
. [Numbers=OldStyle,Ligatures=Discretionary,Style=Historic,StylisticSet=18,Numb
ers=OldStyle].
. 
. This font family consists of the following shapes:
.................................................
Requested font "Junicode/ICU" at 12.0pt
 -> Û
.................................................
. fontspec info: "defining-font"
. 
. Font family 'Junicode(2)' created for font 'Junicode' with options
. [Numbers=OldStyle,Ligatures=Discretionary,Style=Historic,StylisticSet=18,Numb
ers=OldStyle].
. 
. This font family consists of the following shapes:
.................................................
Requested font "Junicode/ICU" at 12.0pt
 -> â
.................................................
. fontspec info: "defining-font"
. 
. Font family 'Junicode(1)' created for font 'Junicode' with options [Style=].
. 
. This font family consists of the following shapes:
.................................................
Requested font "Junicode/ICU" at 12.0pt
 -> â
.................................................
. fontspec info: "defining-font"
. 
. Font family 'Junicode(1)' created for font 'Junicode' with options [Style=].
. 
. This font family consists of the following shapes:
.................................................
Requested font "Junicode/ICU" at 12.0pt
 -> Í
.................................................
. fontspec info: "defining-font"
. 
. Font family 'Junicode(1)' created for font 'Junicode' with options [Style=].
. 
. This font family consists of the following shapes:
.................................................
Requested font "Junicode/ICU" at 12.0pt
 -> Ô
.................................................
. fontspec info: "defining-font"
. 
. Font family 'Junicode(1)' created for font 'Junicode' with options [Style=].
. 
. This font family consists of the following shapes:
.................................................
Requested font "Junicode/ICU" at 12.0pt
 -> ±
.................................................
. fontspec info: "defining-font"
. 
. Font family 'Junicode(1)' created for font 'Junicode' with options [Style=].
. 
. This font family consists of the following shapes:
.................................................
Requested font "Junicode/ICU" at 12.0pt
 -> ±
.................................................
. fontspec info: "defining-font"
. 
. Font family 'Junicode(1)' created for font 'Junicode' with options [Style=].
. 
. This font family consists of the following shapes:
.................................................
Requested font "Junicode/ICU" at 12.0pt
 -> ±
.................................................
. fontspec info: "defining-font"
. 
. Font family 'Junicode(1)' created for font 'Junicode' with options [Style=].
. 
. This font family consists of the following shapes:
.................................................
Requested font "Junicode/ICU" at 12.0pt
 -> £
.................................................
. fontspec info: "defining-font"
. 
. Font family 'Junicode(1)' created for font 'Junicode' with options [Style=].
. 
. This font family consists of the following shapes:
.................................................
Requested font "Junicode/ICU" at 12.0pt
 -> £
.................................................
. fontspec info: "defining-font"
. 
. Font family 'Junicode(1)' created for font 'Junicode' with options [Style=].
. 
. This font family consists of the following shapes:
.................................................
Requested font "Junicode/ICU" at 12.0pt
 -> ^^95
.................................................
. fontspec info: "defining-font"
. 
. Font family 'Junicode(1)' created for font 'Junicode' with options [Style=].
. 
. This font family consists of the following shapes:
.................................................
Requested font "Junicode/ICU" at 12.0pt
 -> ^^95
.................................................
. fontspec info: "defining-font"
. 
. Font family 'Junicode(1)' created for font 'Junicode' with options [Style=].
. 
. This font family consists of the following shapes:
.................................................
Requested font "Junicode/ICU" at 12.0pt
 -> ^^95
.................................................
. fontspec info: "defining-font"
. 
. Font family 'Junicode(1)' created for font 'Junicode' with options [Style=].
. 
. This font family consists of the following shapes:
.................................................
Requested font "Junicode/ICU" at 12.0pt
 -> ^^95
.................................................
. fontspec info: "defining-font"
. 
. Font family 'Junicode(1)' created for font 'Junicode' with options [Style=].
. 
. This font family consists of the following shapes:
.................................................
Requested font "Junicode/ICU" at 12.0pt
 -> ^^95
.................................................
. fontspec info: "defining-font"
. 
. Font family 'Junicode(1)' created for font 'Junicode' with options [Style=].
. 
. This font family consists of the following shapes:
.................................................
Requested font "Junicode/ICU" at 12.0pt
 -> ÿÿ/Users/Paul/AppData/Roaming/MiKTeX/2.9/fonts/truetype/public/junicode/Jun
icode.ttf
.................................................
. fontspec info: "defining-font"
. 
. Font family 'Junicode(1)' created for font 'Junicode' with options [Style=].
. 
. This font family consists of the following shapes:
.................................................
Requested font "Junicode/ICU" at 12.0pt
 -> ÿÿ/Users/Paul/AppData/Roaming/MiKTeX/2.9/fonts/truetype/public/junicode/Jun
icode.ttf
.................................................
. fontspec info: "defining-font"
. 
. Font family 'Junicode(1)' created for font 'Junicode' with options [Style=].
. 
. This font family consists of the following shapes:
.................................................
Requested font "Junicode/ICU" at 12.0pt
 -> ÿÿ/Users/Paul/AppData/Roaming/MiKTeX/2.9/fonts/truetype/public/junicode/Jun
icode.ttf
.................................................
. fontspec info: "defining-font"
. 
. Font family 'Junicode(1)' created for font 'Junicode' with options [Style=].
. 
. This font family consists of the following shapes:
.................................................
Requested font "Junicode/ICU" at 12.0pt
 -> ÿÿ/Users/Paul/AppData/Roaming/MiKTeX/2.9/fonts/truetype/public/junicode/Jun
icode.ttf
.................................................
. fontspec info: "defining-font"
. 
. Font family 'Junicode(1)' created for font 'Junicode' with options [Style=].
. 
. This font family consists of the following shapes:
.................................................
Requested font "Junicode/ICU" at 12.0pt
 -> C:/Users/Paul/AppData/Roaming/MiKTeX/2.9/fonts/truetype/public/junicode/Jun
icode.ttf
.................................................
. fontspec info: "defining-font"
. 
. Font family 'Junicode(1)' created for font 'Junicode' with options [Style=].
. 
. This font family consists of the following shapes:
.................................................
Requested font "Junicode/ICU" at 12.0pt
 -> ^^P
.................................................
. fontspec info: "defining-font"
. 
. Font family 'Junicode(1)' created for font 'Junicode' with options [Style=].
. 
. This font family consists of the following shapes:
.................................................
Requested font "Junicode/ICU" at 12.0pt
 -> ^^P
.................................................
. fontspec info: "defining-font"
. 
. Font family 'Junicode(1)' created for font 'Junicode' with options [Style=].
. 
. This font family consists of the following shapes:
.................................................
Requested font "Junicode/ICU" at 12.0pt
 -> ^^P
.................................................
. fontspec info: "defining-font"
. 
. Font family 'Junicode(1)' created for font 'Junicode' with options [Style=].
. 
. This font family consists of the following shapes:
.................................................
Requested font "Junicode/ICU" at 12.0pt
 -> ^^P
.................................................
. fontspec info: "defining-font"
. 
. Font family 'Junicode(1)' created for font 'Junicode' with options [Style=].
. 
. This font family consists of the following shapes:
.................................................
Requested font "Junicode/ICU" at 12.0pt
 -> ^^P
.................................................
. fontspec info: "defining-font"
. 
. Font family 'Junicode(1)' created for font 'Junicode' with options [Style=].
. 
. This font family consists of the following shapes:
.................................................
Requested font "Junicode/ICU" at 12.0pt
 -> ^^W
.................................................
. fontspec info: "defining-font"
. 
. Font family 'Junicode(1)' created for font 'Junicode' with options [Style=].
. 
. This font family consists of the following shapes:
.................................................
Requested font "Junicode/ICU" at 12.0pt
 -> :
.................................................
. fontspec info: "defining-font"
. 
. Font family 'Junicode(1)' created for font 'Junicode' with options [Style=].
. 
. This font family consists of the following shapes:
.................................................
Requested font "Junicode/ICU" at 12.0pt
 -> :
.................................................
. fontspec info: "defining-font"
. 
. Font family 'Junicode(1)' created for font 'Junicode' with options [Style=].
. 
. This font family consists of the following shapes:
.................................................
Requested font "Junicode/ICU" at 12.0pt
 -> :
.................................................
. fontspec info: "defining-font"
. 
. Font family 'Junicode(1)' created for font 'Junicode' with options [Style=].
. 
. This font family consists of the following shapes:
.................................................
Requested font "Junicode/ICU" at 12.0pt
 -> A
.................................................
. fontspec info: "defining-font"
. 
. Font family 'Junicode(1)' created for font 'Junicode' with options [Style=].
. 
. This font family consists of the following shapes:
.................................................
Requested font "Junicode/ICU" at 12.0pt
 -> A
.................................................
. fontspec info: "defining-font"
. 
. Font family 'Junicode(1)' created for font 'Junicode' with options [Style=].
. 
. This font family consists of the following shapes:
.................................................
Requested font "Junicode/ICU" at 12.0pt
 -> H
.................................................
. fontspec info: "defining-font"
. 
. Font family 'Junicode(1)' created for font 'Junicode' with options [Style=].
. 
. This font family consists of the following shapes:
.................................................
Requested font "Junicode/ICU" at 12.0pt
 -> V
.................................................
. fontspec info: "defining-font"
. 
. Font family 'Junicode(1)' created for font 'Junicode' with options [Style=].
. 
. This font family consists of the following shapes:
.................................................
Requested font "Junicode/ICU" at 12.0pt
 -> V
.................................................
. fontspec info: "defining-font"
. 
. Font family 'Junicode(1)' created for font 'Junicode' with options [Style=].
. 
. This font family consists of the following shapes:
.................................................
Requested font "Junicode/ICU" at 12.0pt
 -> V
.................................................
. fontspec info: "defining-font"
. 
. Font family 'Junicode(1)' created for font 'Junicode' with options [Style=].
. 
. This font family consists of the following shapes:
.................................................
Requested font "Junicode/ICU" at 12.0pt
 -> ]
.................................................
. fontspec info: "defining-font"
. 
. Font family 'Junicode(1)' created for font 'Junicode' with options [Style=].
. 
. This font family consists of the following shapes:
.................................................
Requested font "Junicode/ICU" at 12.0pt
 -> ]
.................................................
. fontspec info: "defining-font"
. 
. Font family 'Junicode(1)' created for font 'Junicode' with options [Style=].
. 
. This font family consists of the following shapes:
.................................................
Requested font "Junicode/ICU" at 12.0pt
 -> k
.................................................
. fontspec info: "defining-font"
. 
. Font family 'Junicode(1)' created for font 'Junicode' with options [Style=].
. 
. This font family consists of the following shapes:
.................................................
Requested font "Junicode/ICU" at 12.0pt
 -> k
.................................................
. fontspec info: "defining-font"
. 
. Font family 'Junicode(1)' created for font 'Junicode' with options [Style=].
. 
. This font family consists of the following shapes:
.................................................
Requested font "Junicode/ICU" at 12.0pt
 -> k
.................................................
. fontspec info: "defining-font"
. 
. Font family 'Junicode(1)' created for font 'Junicode' with options [Style=].
. 
. This font family consists of the following shapes:
.................................................
Requested font "Junicode/ICU" at 12.0pt
 -> k
.................................................
. fontspec info: "defining-font"
. 
. Font family 'Junicode(1)' created for font 'Junicode' with options [Style=].
. 
. This font family consists of the following shapes:
.................................................
Requested font "Junicode/ICU" at 12.0pt
 -> k
.................................................
. fontspec info: "defining-font"
. 
. Font family 'Junicode(1)' created for font 'Junicode' with options [Style=].
. 
. This font family consists of the following shapes:
.................................................
Requested font "Junicode/ICU" at 12.0pt
 -> k
.................................................
. fontspec info: "defining-font"
. 
. Font family 'Junicode(1)' created for font 'Junicode' with options [Style=].
. 
. This font family consists of the following shapes:
.................................................
Requested font "Junicode/ICU" at 12.0pt
 -> k
.................................................
. fontspec info: "defining-font"
. 
. Font family 'Junicode(1)' created for font 'Junicode' with options [Style=].
. 
. This font family consists of the following shapes:
.................................................
Requested font "Junicode/ICU" at 12.0pt
 -> k
.................................................
. fontspec info: "defining-font"
. 
. Font family 'Junicode(1)' created for font 'Junicode' with options [Style=].
. 
. This font family consists of the following shapes:
.................................................
Requested font "Junicode/ICU" at 12.0pt
 -> k
.................................................
. fontspec info: "defining-font"
. 
. Font family 'Junicode(1)' created for font 'Junicode' with options [Style=].
. 
. This font family consists of the following shapes:
.................................................
Requested font "Junicode/ICU" at 12.0pt
 -> r
.................................................
. fontspec info: "defining-font"
. 
. Font family 'Junicode(1)' created for font 'Junicode' with options [Style=].
. 
. This font family consists of the following shapes:
.................................................
Requested font "Junicode/ICU" at 12.0pt
 -> r
.................................................
. fontspec info: "defining-font"
. 
. Font family 'Junicode(1)' created for font 'Junicode' with options [Style=].
. 
. This font family consists of the following shapes:
.................................................
Requested font "Junicode/ICU" at 12.0pt
 -> ÿÿ/Users/Paul/AppData/Roaming/MiKTeX/2.9/fonts/truetype/public/junicode/Jun
icode.ttf
.................................................
. fontspec info: "defining-font"
. 
. Font family 'Junicode(1)' created for font 'Junicode' with options [Style=].
. 
. This font family consists of the following shapes:
.................................................
Requested font "Junicode/ICU" at 12.0pt
 -> C:/Users/Paul/AppData/Roaming/MiKTeX/2.9/fonts/truetype/public/junicode/Jun
icode.ttf
.................................................
. fontspec info: "defining-font"
. 
. Font family 'Junicode(1)' created for font 'Junicode' with options [Style=].
. 
. This font family consists of the following shapes:
.................................................
Requested font "Junicode/ICU" at 12.0pt
 -> C:/Users/Paul/AppData/Roaming/MiKTeX/2.9/fonts/truetype/public/junicode/Jun
icode.ttf
.................................................
. fontspec info: "defining-font"
. 
. Font family 'Junicode(1)' created for font 'Junicode' with options [Style=].
. 
. This font family consists of the following shapes:
.................................................
Requested font "Junicode/ICU" at 12.0pt
 -> C:/Users/Paul/AppData/Roaming/MiKTeX/2.9/fonts/truetype/public/junicode/Jun
icode.ttf
.................................................
. fontspec info: "defining-font"
. 
. Font family 'Junicode(1)' created for font 'Junicode' with options [Style=].
. 
. This font family consists of the following shapes:
.................................................
Requested font "Junicode/ICU" at 12.0pt
 -> C:/Users/Paul/AppData/Roaming/MiKTeX/2.9/fonts/truetype/public/junicode/Jun
icode.ttf
.................................................
. fontspec info: "defining-font"
. 
. Font family 'Junicode(1)' created for font 'Junicode' with options [Style=].
. 
. This font family consists of the following shapes:
.................................................
Requested font "Junicode/ICU" at 12.0pt
 -> C:/Users/Paul/AppData/Roaming/MiKTeX/2.9/fonts/truetype/public/junicode/Jun
icode.ttf
.................................................
. fontspec info: "defining-font"
. 
. Font family 'Junicode(1)' created for font 'Junicode' with options [Style=].
. 
. This font family consists of the following shapes:
.................................................
Requested font "Junicode/ICU" at 12.0pt
 -> C:/Users/Paul/AppData/Roaming/MiKTeX/2.9/fonts/truetype/public/junicode/Jun
icode.ttf
.................................................
. fontspec info: "defining-font"
. 
. Font family 'Junicode(1)' created for font 'Junicode' with options [Style=].
. 
. This font family consists of the following shapes:
.................................................
Requested font "Junicode/ICU" at 12.0pt
 -> C:/Users/Paul/AppData/Roaming/MiKTeX/2.9/fonts/truetype/public/junicode/Jun
icode.ttf
.................................................
. fontspec info: "defining-font"
. 
. Font family 'Junicode(1)' created for font 'Junicode' with options [Style=].
. 
. This font family consists of the following shapes:
.................................................
Requested font "Junicode/ICU" at 12.0pt
 -> C:/Users/Paul/AppData/Roaming/MiKTeX/2.9/fonts/truetype/public/junicode/Jun
icode.ttf
.................................................
. fontspec info: "defining-font"
. 
. Font family 'Junicode(1)' created for font 'Junicode' with options [Style=].
. 
. This font family consists of the following shapes:
.................................................
Requested font "Junicode/ICU" at 12.0pt
 -> C:/Users/Paul/AppData/Roaming/MiKTeX/2.9/fonts/truetype/public/junicode/Jun
icode.ttf
.................................................
. fontspec info: "defining-font"
. 
. Font family 'Junicode(1)' created for font 'Junicode' with options [Style=].
. 
. This font family consists of the following shapes:
.................................................
Requested font "Junicode/ICU" at 12.0pt
 -> C:/Users/Paul/AppData/Roaming/MiKTeX/2.9/fonts/truetype/public/junicode/Jun
icode.ttf
.................................................
. fontspec info: "defining-font"
. 
. Font family 'Junicode(1)' created for font 'Junicode' with options [Style=].
. 
. This font family consists of the following shapes:
.................................................
Requested font "Junicode/ICU" at 12.0pt
 -> C:/Users/Paul/AppData/Roaming/MiKTeX/2.9/fonts/truetype/public/junicode/Jun
icode.ttf
.................................................
. fontspec info: "defining-font"
. 
. Font family 'Junicode(1)' created for font 'Junicode' with options [Style=].
. 
. This font family consists of the following shapes:
.................................................
Requested font "Junicode/ICU" at 12.0pt
 -> ^^P
.................................................
. fontspec info: "defining-font"
. 
. Font family 'Junicode(1)' created for font 'Junicode' with options [Style=].
. 
. This font family consists of the following shapes:
.................................................
Requested font "Junicode/ICU" at 12.0pt
 -> ^^P
.................................................
. fontspec info: "defining-font"
. 
. Font family 'Junicode(1)' created for font 'Junicode' with options [Style=].
. 
. This font family consists of the following shapes:
.................................................
Requested font "Junicode/ICU" at 12.0pt
 -> ^^^
.................................................
. fontspec info: "defining-font"
. 
. Font family 'Junicode(1)' created for font 'Junicode' with options [Style=].
. 
. This font family consists of the following shapes:
.................................................
Requested font "Junicode/ICU" at 12.0pt
 -> %
.................................................
. fontspec info: "defining-font"
. 
. Font family 'Junicode(1)' created for font 'Junicode' with options [Style=].
. 
. This font family consists of the following shapes:
.................................................
Requested font "Junicode/ICU" at 12.0pt
 -> %
.................................................
. fontspec info: "defining-font"
. 
. Font family 'Junicode(1)' created for font 'Junicode' with options [Style=].
. 
. This font family consists of the following shapes:
.................................................
Requested font "Junicode/ICU" at 12.0pt
 -> ,
.................................................
. fontspec info: "defining-font"
. 
. Font family 'Junicode(1)' created for font 'Junicode' with options [Style=].
. 
. This font family consists of the following shapes:
.................................................
Requested font "Junicode/ICU" at 12.0pt
 -> A
.................................................
. fontspec info: "defining-font"
. 
. Font family 'Junicode(1)' created for font 'Junicode' with options [Style=].
. 
. This font family consists of the following shapes:
.................................................
Requested font "Junicode/ICU" at 12.0pt
 -> A
.................................................
. fontspec info: "defining-font"
. 
. Font family 'Junicode(1)' created for font 'Junicode' with options [Style=].
. 
. This font family consists of the following shapes:
.................................................
Requested font "Junicode/ICU" at 12.0pt
 -> A
.................................................
. fontspec info: "defining-font"
. 
. Font family 'Junicode(1)' created for font 'Junicode' with options [Style=].
. 
. This font family consists of the following shapes:
.................................................
Requested font "Junicode/ICU" at 12.0pt
 -> A
.................................................
. fontspec info: "defining-font"
. 
. Font family 'Junicode(1)' created for font 'Junicode' with options [Style=].
. 
. This font family consists of the following shapes:
.................................................
Requested font "Junicode/ICU" at 12.0pt
 -> A
.................................................
. fontspec info: "defining-font"
. 
. Font family 'Junicode(1)' created for font 'Junicode' with options [Style=].
. 
. This font family consists of the following shapes:
.................................................
Requested font "Junicode/ICU" at 12.0pt
 -> A
.................................................
. fontspec info: "defining-font"
. 
. Font family 'Junicode(1)' created for font 'Junicode' with options [Style=].
. 
. This font family consists of the following shapes:
.................................................
[2]
Requested font "Junicode/ICU" at 12.0pt
 -> ^^I
.................................................
. fontspec info: "defining-font"
. 
. Font family 'Junicode(1)' created for font 'Junicode' with options [Style=].
. 
. This font family consists of the following shapes:
.................................................
Requested font "Junicode/ICU" at 12.0pt
 -> ^^I
.................................................
. fontspec info: "defining-font"
. 
. Font family 'Junicode(1)' created for font 'Junicode' with options [Style=].
. 
. This font family consists of the following shapes:
.................................................
Requested font "Junicode/ICU" at 12.0pt
 -> ^^I
.................................................
. fontspec info: "defining-font"
. 
. Font family 'Junicode(1)' created for font 'Junicode' with options [Style=].
. 
. This font family consists of the following shapes:
.................................................
Requested font "Junicode/ICU" at 12.0pt
 -> ^^I
.................................................
. fontspec info: "defining-font"
. 
. Font family 'Junicode(1)' created for font 'Junicode' with options [Style=].
. 
. This font family consists of the following shapes:
.................................................
Requested font "Junicode/ICU" at 12.0pt
 -> ^^I
.................................................
. fontspec info: "defining-font"
. 
. Font family 'Junicode(1)' created for font 'Junicode' with options [Style=].
. 
. This font family consists of the following shapes:
.................................................
Requested font "Junicode/ICU" at 12.0pt
 -> ^^I
.................................................
. fontspec info: "defining-font"
. 
. Font family 'Junicode(1)' created for font 'Junicode' with options [Style=].
. 
. This font family consists of the following shapes:
.................................................
Requested font "Junicode/ICU" at 12.0pt
 -> %
.................................................
. fontspec info: "defining-font"
. 
. Font family 'Junicode(1)' created for font 'Junicode' with options [Style=].
. 
. This font family consists of the following shapes:
.................................................
Requested font "Junicode/ICU" at 12.0pt
 -> %
.................................................
. fontspec info: "defining-font"
. 
. Font family 'Junicode(1)' created for font 'Junicode' with options [Style=].
. 
. This font family consists of the following shapes:
.................................................
Requested font "Junicode/ICU" at 12.0pt
 -> :
.................................................
. fontspec info: "defining-font"
. 
. Font family 'Junicode(1)' created for font 'Junicode' with options [Style=].
. 
. This font family consists of the following shapes:
.................................................
 [3] (C:\Users\Paul\Desktop\Macbeth\Macbeth.aux) ) 
Here is how much of TeX's memory you used:
 13538 strings out of 429025
 279500 string characters out of 3167800
 324608 words of memory out of 3000000
 16668 multiletter control sequences out of 15000+200000
 5171 words of font info for 58 fonts, out of 3000000 for 9000
 912 hyphenation exceptions out of 8191
 46i,6n,56p,10434b,332s stack positions out of 5000i,500n,10000p,200000b,50000s

Output written on Macbeth.pdf (4 pages).
